INFO:  latexindent.pl version 3.24.7, 2025-08-15, a script to indent .tex files
       latexindent.pl lives here: /opt/homebrew/Cellar/latexindent/3.24.7/libexec/bin/
       Sun Jan 18 18:47:28 2026
       Filename: /Users/ndt/Downloads/Nguyen_Duc_Thang_DATN/Chapter/__latexindent_temp_4_Experiment_evaluation.tex
INFO:  Processing switches:
       -s|--silent: Silent mode active (you have used either -s or --silent)
       -w|--overwrite: Overwrite mode active, will make a back up before overwriting
       -y|--yaml: YAML settings specified via command line
       -c|--cruft: cruft directory
INFO:  Directory for backup files and log file /Users/ndt/Downloads/Nguyen_Duc_Thang_DATN/indent.log:
       /Users/ndt/Downloads/Nguyen_Duc_Thang_DATN/
INFO:  Perl modules are being loaded from the following directories:
       /opt/homebrew/opt/perl/lib/perl5/5.40/FindBin.pm
       /opt/homebrew/Cellar/latexindent/3.24.7/libexec/lib/perl5/YAML/Tiny.pm
       /opt/homebrew/opt/perl/lib/perl5/5.40/File/Copy.pm
       /opt/homebrew/opt/perl/lib/perl5/5.40/File/Basename.pm
       /opt/homebrew/opt/perl/lib/perl5/5.40/Getopt/Long.pm
       /opt/homebrew/Cellar/latexindent/3.24.7/libexec/lib/perl5/File/HomeDir.pm
INFO:  LatexIndent perl modules are being loaded from, for example:
       /opt/homebrew/Cellar/latexindent/3.24.7/libexec/lib/perl5/LatexIndent/Document.pm
INFO:  YAML settings read: defaultSettings.yaml
       Reading defaultSettings.yaml from /opt/homebrew/Cellar/latexindent/3.24.7/libexec/bin/defaultSettings.yaml
INFO:  YAML reading settings
       Home directory is /Users/ndt
       latexindent.pl didn't find indentconfig.yaml or .indentconfig.yaml
       see all possible locations: https://latexindentpl.readthedocs.io/en/latest/sec-appendices.html#indentconfig-options)
INFO:  -l switch used without filename, will search for the following files in turn:
       localSettings.yaml,latexindent.yaml,.localSettings.yaml,.latexindent.yaml
INFO:  YAML settings read: -l switch
       Multiple localSettings found, separated by commas:
       localSettings.yaml, latexindent.yaml, .localSettings.yaml, .latexindent.yaml
WARN:  yaml file not found: localSettings.yaml not found. Proceeding without it.
WARN:  yaml file not found: latexindent.yaml not found. Proceeding without it.
WARN:  yaml file not found: .localSettings.yaml not found. Proceeding without it.
WARN:  yaml file not found: .latexindent.yaml not found. Proceeding without it.
INFO:  YAML settings read: -y switch
       YAML setting: defaultIndent:'    '
       single-quoted string found in -y switch: '    ', substitute to     
       Updating mainSettings with defaultIndent:     
INFO:  Backup procedure (-w flag active):
       /Users/ndt/Downloads/Nguyen_Duc_Thang_DATN/__latexindent_temp_4_Experiment_evaluation.bak0 already exists, incrementing by 1 (see maxNumberOfBackUps)
       /Users/ndt/Downloads/Nguyen_Duc_Thang_DATN/__latexindent_temp_4_Experiment_evaluation.bak1 already exists, incrementing by 1 (see maxNumberOfBackUps)
       /Users/ndt/Downloads/Nguyen_Duc_Thang_DATN/__latexindent_temp_4_Experiment_evaluation.bak2 already exists, incrementing by 1 (see maxNumberOfBackUps)
       /Users/ndt/Downloads/Nguyen_Duc_Thang_DATN/__latexindent_temp_4_Experiment_evaluation.bak3 already exists, incrementing by 1 (see maxNumberOfBackUps)
       /Users/ndt/Downloads/Nguyen_Duc_Thang_DATN/__latexindent_temp_4_Experiment_evaluation.bak4 already exists, incrementing by 1 (see maxNumberOfBackUps)
       /Users/ndt/Downloads/Nguyen_Duc_Thang_DATN/__latexindent_temp_4_Experiment_evaluation.bak5 already exists, incrementing by 1 (see maxNumberOfBackUps)
       /Users/ndt/Downloads/Nguyen_Duc_Thang_DATN/__latexindent_temp_4_Experiment_evaluation.bak6 already exists, incrementing by 1 (see maxNumberOfBackUps)
       /Users/ndt/Downloads/Nguyen_Duc_Thang_DATN/__latexindent_temp_4_Experiment_evaluation.bak7 already exists, incrementing by 1 (see maxNumberOfBackUps)
       /Users/ndt/Downloads/Nguyen_Duc_Thang_DATN/__latexindent_temp_4_Experiment_evaluation.bak8 already exists, incrementing by 1 (see maxNumberOfBackUps)
       /Users/ndt/Downloads/Nguyen_Duc_Thang_DATN/__latexindent_temp_4_Experiment_evaluation.bak9 already exists, incrementing by 1 (see maxNumberOfBackUps)
       /Users/ndt/Downloads/Nguyen_Duc_Thang_DATN/__latexindent_temp_4_Experiment_evaluation.bak10 already exists, incrementing by 1 (see maxNumberOfBackUps)
       /Users/ndt/Downloads/Nguyen_Duc_Thang_DATN/__latexindent_temp_4_Experiment_evaluation.bak11 already exists, incrementing by 1 (see maxNumberOfBackUps)
       /Users/ndt/Downloads/Nguyen_Duc_Thang_DATN/__latexindent_temp_4_Experiment_evaluation.bak12 already exists, incrementing by 1 (see maxNumberOfBackUps)
       /Users/ndt/Downloads/Nguyen_Duc_Thang_DATN/__latexindent_temp_4_Experiment_evaluation.bak13 already exists, incrementing by 1 (see maxNumberOfBackUps)
       /Users/ndt/Downloads/Nguyen_Duc_Thang_DATN/__latexindent_temp_4_Experiment_evaluation.bak14 already exists, incrementing by 1 (see maxNumberOfBackUps)
       /Users/ndt/Downloads/Nguyen_Duc_Thang_DATN/__latexindent_temp_4_Experiment_evaluation.bak15 already exists, incrementing by 1 (see maxNumberOfBackUps)
       /Users/ndt/Downloads/Nguyen_Duc_Thang_DATN/__latexindent_temp_4_Experiment_evaluation.bak16 already exists, incrementing by 1 (see maxNumberOfBackUps)
       Backing up /Users/ndt/Downloads/Nguyen_Duc_Thang_DATN/Chapter/__latexindent_temp_4_Experiment_evaluation.tex to /Users/ndt/Downloads/Nguyen_Duc_Thang_DATN/__latexindent_temp_4_Experiment_evaluation.bak17...
       /Users/ndt/Downloads/Nguyen_Duc_Thang_DATN/Chapter/__latexindent_temp_4_Experiment_evaluation.tex will be overwritten after indentation
INFO:  Phase 1: searching for objects
INFO:  Phase 2: finding surrounding indentation
INFO:  Phase 3: indenting objects
INFO:  Phase 4: final indentation check
INFO:  Output routine:
       Overwriting file /Users/ndt/Downloads/Nguyen_Duc_Thang_DATN/Chapter/__latexindent_temp_4_Experiment_evaluation.tex
       --------------
INFO:  Please direct all communication/issues to:
        https://github.com/cmhughes/latexindent.pl
