\BOOKMARK [0][-]{chapter.1}{\376\377\000I\000N\000T\000R\000O\000D\000U\000C\000T\000I\000O\000N}{}% 1
\BOOKMARK [1][-]{section.1.1}{\376\377\000M\000o\000t\000i\000v\000a\000t\000i\000o\000n}{chapter.1}% 2
\BOOKMARK [1][-]{section.1.2}{\376\377\000O\000b\000j\000e\000c\000t\000i\000v\000e\000s\000\040\000a\000n\000d\000\040\000s\000c\000o\000p\000e\000\040\000o\000f\000\040\000t\000h\000e\000\040\000g\000r\000a\000d\000u\000a\000t\000i\000o\000n\000\040\000t\000h\000e\000s\000i\000s}{chapter.1}% 3
\BOOKMARK [1][-]{section.1.3}{\376\377\000T\000e\000n\000t\000a\000t\000i\000v\000e\000\040\000s\000o\000l\000u\000t\000i\000o\000n}{chapter.1}% 4
\BOOKMARK [1][-]{section.1.4}{\376\377\000T\000h\000e\000s\000i\000s\000\040\000o\000r\000g\000a\000n\000i\000z\000a\000t\000i\000o\000n}{chapter.1}% 5
\BOOKMARK [0][-]{chapter.2}{\376\377\000R\000E\000Q\000U\000I\000R\000E\000M\000E\000N\000T\000\040\000S\000U\000R\000V\000E\000Y\000\040\000A\000N\000D\000\040\000A\000N\000A\000L\000Y\000S\000I\000S}{}% 6
\BOOKMARK [1][-]{section.2.1}{\376\377\000S\000t\000a\000t\000u\000s\000\040\000s\000u\000r\000v\000e\000y}{chapter.2}% 7
\BOOKMARK [1][-]{section.2.2}{\376\377\000F\000u\000n\000c\000t\000i\000o\000n\000a\000l\000\040\000O\000v\000e\000r\000v\000i\000e\000w}{chapter.2}% 8
\BOOKMARK [2][-]{subsection.2.2.1}{\376\377\000G\000e\000n\000e\000r\000a\000l\000\040\000u\000s\000e\000\040\000c\000a\000s\000e\000\040\000d\000i\000a\000g\000r\000a\000m}{section.2.2}% 9
\BOOKMARK [2][-]{subsection.2.2.2}{\376\377\000D\000e\000t\000a\000i\000l\000e\000d\000\040\000u\000s\000e\000\040\000c\000a\000s\000e\000\040\000d\000i\000a\000g\000r\000a\000m}{section.2.2}% 10
\BOOKMARK [2][-]{subsection.2.2.3}{\376\377\000B\000u\000s\000i\000n\000e\000s\000s\000\040\000p\000r\000o\000c\000e\000s\000s}{section.2.2}% 11
\BOOKMARK [1][-]{section.2.3}{\376\377\000F\000u\000n\000c\000t\000i\000o\000n\000a\000l\000\040\000D\000e\000s\000c\000r\000i\000p\000t\000i\000o\000n}{chapter.2}% 12
\BOOKMARK [2][-]{subsection.2.3.1}{\376\377\000D\000e\000s\000c\000r\000i\000p\000t\000i\000o\000n\000\040\000o\000f\000\040\000u\000s\000e\000\040\000c\000a\000s\000e\000:\000\040\000C\000r\000e\000a\000t\000e\000\040\000U\000n\000i\000v\000e\000r\000s\000a\000l\000\040\000W\000a\000l\000l\000e\000t}{section.2.3}% 13
\BOOKMARK [2][-]{subsection.2.3.2}{\376\377\000D\000e\000s\000c\000r\000i\000p\000t\000i\000o\000n\000\040\000o\000f\000\040\000u\000s\000e\000\040\000c\000a\000s\000e\000:\000\040\000D\000e\000p\000o\000s\000i\000t\000\040\000C\000o\000l\000l\000a\000t\000e\000r\000a\000l}{section.2.3}% 14
\BOOKMARK [2][-]{subsection.2.3.3}{\376\377\000D\000e\000s\000c\000r\000i\000p\000t\000i\000o\000n\000\040\000o\000f\000\040\000u\000s\000e\000\040\000c\000a\000s\000e\000:\000\040\000M\000i\000n\000t\000\040\000S\000t\000a\000b\000l\000e\000c\000o\000i\000n}{section.2.3}% 15
\BOOKMARK [2][-]{subsection.2.3.4}{\376\377\000D\000e\000s\000c\000r\000i\000p\000t\000i\000o\000n\000\040\000o\000f\000\040\000u\000s\000e\000\040\000c\000a\000s\000e\000:\000\040\000R\000e\000p\000a\000y\000\040\000D\000e\000b\000t}{section.2.3}% 16
\BOOKMARK [2][-]{subsection.2.3.5}{\376\377\000D\000e\000s\000c\000r\000i\000p\000t\000i\000o\000n\000\040\000o\000f\000\040\000u\000s\000e\000\040\000c\000a\000s\000e\000:\000\040\000W\000i\000t\000h\000d\000r\000a\000w\000\040\000C\000o\000l\000l\000a\000t\000e\000r\000a\000l}{section.2.3}% 17
\BOOKMARK [1][-]{section.2.4}{\376\377\000N\000o\000n\000-\000f\000u\000n\000c\000t\000i\000o\000n\000a\000l\000\040\000R\000e\000q\000u\000i\000r\000e\000m\000e\000n\000t\000s}{chapter.2}% 18
\BOOKMARK [2][-]{subsection.2.4.1}{\376\377\000S\000e\000c\000u\000r\000i\000t\000y\000\040\000a\000n\000d\000\040\000S\000a\000f\000e\000t\000y}{section.2.4}% 19
\BOOKMARK [2][-]{subsection.2.4.2}{\376\377\000P\000e\000r\000f\000o\000r\000m\000a\000n\000c\000e\000\040\000a\000n\000d\000\040\000E\000f\000f\000i\000c\000i\000e\000n\000c\000y}{section.2.4}% 20
\BOOKMARK [2][-]{subsection.2.4.3}{\376\377\000R\000e\000l\000i\000a\000b\000i\000l\000i\000t\000y\000\040\000a\000n\000d\000\040\000A\000v\000a\000i\000l\000a\000b\000i\000l\000i\000t\000y}{section.2.4}% 21
\BOOKMARK [2][-]{subsection.2.4.4}{\376\377\000U\000s\000a\000b\000i\000l\000i\000t\000y\000\040\000a\000n\000d\000\040\000U\000s\000e\000r\000\040\000E\000x\000p\000e\000r\000i\000e\000n\000c\000e}{section.2.4}% 22
\BOOKMARK [1][-]{section.2.5}{\376\377\000C\000o\000n\000c\000l\000u\000s\000i\000o\000n}{chapter.2}% 23
\BOOKMARK [0][-]{chapter.3}{\376\377\000M\000E\000T\000H\000O\000D\000O\000L\000O\000G\000Y}{}% 24
\BOOKMARK [1][-]{section.3.1}{\376\377\000I\000n\000t\000r\000o\000d\000u\000c\000t\000i\000o\000n}{chapter.3}% 25
\BOOKMARK [1][-]{section.3.2}{\376\377\000B\000l\000o\000c\000k\000c\000h\000a\000i\000n\000\040\000P\000l\000a\000t\000f\000o\000r\000m\000s\000\040\000a\000n\000d\000\040\000A\000r\000c\000h\000i\000t\000e\000c\000t\000u\000r\000e}{chapter.3}% 26
\BOOKMARK [2][-]{subsection.3.2.1}{\376\377\000B\000l\000o\000c\000k\000c\000h\000a\000i\000n\000\040\000F\000u\000n\000d\000a\000m\000e\000n\000t\000a\000l\000s\000\040\000a\000n\000d\000\040\000D\000i\000s\000t\000r\000i\000b\000u\000t\000e\000d\000\040\000S\000t\000a\000t\000e\000\040\000M\000a\000c\000h\000i\000n\000e\000s}{section.3.2}% 27
\BOOKMARK [2][-]{subsection.3.2.2}{\376\377\000T\000h\000e\000\040\000H\000u\000b\000:\000\040\000S\000o\000l\000a\000n\000a\000\040\000B\000l\000o\000c\000k\000c\000h\000a\000i\000n\000\040\000A\000r\000c\000h\000i\000t\000e\000c\000t\000u\000r\000e}{section.3.2}% 28
\BOOKMARK [2][-]{subsection.3.2.3}{\376\377\000T\000h\000e\000\040\000S\000p\000o\000k\000e\000s\000:\000\040\000E\000t\000h\000e\000r\000e\000u\000m\000\040\000V\000i\000r\000t\000u\000a\000l\000\040\000M\000a\000c\000h\000i\000n\000e\000\040\000\050\000E\000V\000M\000\051\000\040\000N\000e\000t\000w\000o\000r\000k\000s}{section.3.2}% 29
\BOOKMARK [1][-]{section.3.3}{\376\377\000S\000m\000a\000r\000t\000\040\000C\000o\000n\000t\000r\000a\000c\000t\000\040\000D\000e\000v\000e\000l\000o\000p\000m\000e\000n\000t\000\040\000F\000r\000a\000m\000e\000w\000o\000r\000k\000s}{chapter.3}% 30
\BOOKMARK [2][-]{subsection.3.3.1}{\376\377\000S\000o\000l\000a\000n\000a\000\040\000P\000r\000o\000g\000r\000a\000m\000\040\000D\000e\000v\000e\000l\000o\000p\000m\000e\000n\000t\000:\000\040\000R\000u\000s\000t\000\040\000a\000n\000d\000\040\000A\000n\000c\000h\000o\000r}{section.3.3}% 31
\BOOKMARK [2][-]{subsection.3.3.2}{\376\377\000E\000V\000M\000\040\000S\000m\000a\000r\000t\000\040\000C\000o\000n\000t\000r\000a\000c\000t\000s\000:\000\040\000S\000o\000l\000i\000d\000i\000t\000y\000\040\000a\000n\000d\000\040\000H\000a\000r\000d\000h\000a\000t}{section.3.3}% 32
\BOOKMARK [1][-]{section.3.4}{\376\377\000C\000r\000y\000p\000t\000o\000g\000r\000a\000p\000h\000y\000\040\000a\000n\000d\000\040\000C\000r\000o\000s\000s\000-\000c\000h\000a\000i\000n\000\040\000V\000e\000r\000i\000f\000i\000c\000a\000t\000i\000o\000n}{chapter.3}% 33
\BOOKMARK [2][-]{subsection.3.4.1}{\376\377\000E\000l\000l\000i\000p\000t\000i\000c\000\040\000C\000u\000r\000v\000e\000\040\000M\000i\000s\000m\000a\000t\000c\000h\000\040\000a\000n\000d\000\040\000S\000o\000l\000u\000t\000i\000o\000n}{section.3.4}% 34
\BOOKMARK [2][-]{subsection.3.4.2}{\376\377\000M\000a\000t\000h\000e\000m\000a\000t\000i\000c\000a\000l\000\040\000F\000o\000r\000m\000u\000l\000a\000t\000i\000o\000n\000\040\000o\000f\000\040\000E\000C\000D\000S\000A\000\040\000V\000e\000r\000i\000f\000i\000c\000a\000t\000i\000o\000n}{section.3.4}% 35
\BOOKMARK [2][-]{subsection.3.4.3}{\376\377\000I\000m\000p\000l\000e\000m\000e\000n\000t\000a\000t\000i\000o\000n\000\040\000v\000i\000a\000\040\000S\000o\000l\000a\000n\000a\000\040\000N\000a\000t\000i\000v\000e\000\040\000P\000r\000o\000g\000r\000a\000m}{section.3.4}% 36
\BOOKMARK [1][-]{section.3.5}{\376\377\000T\000h\000e\000o\000r\000e\000t\000i\000c\000a\000l\000\040\000F\000o\000u\000n\000d\000a\000t\000i\000o\000n\000:\000\040\000T\000h\000e\000\040\000C\000D\000P\000\040\000M\000e\000c\000h\000a\000n\000i\000s\000m}{chapter.3}% 37
\BOOKMARK [2][-]{subsection.3.5.1}{\376\377\000E\000c\000o\000n\000o\000m\000i\000c\000\040\000M\000o\000d\000e\000l\000\040\000o\000f\000\040\000S\000t\000a\000b\000i\000l\000i\000t\000y\000\040\000v\000i\000a\000\040\000O\000v\000e\000r\000-\000c\000o\000l\000l\000a\000t\000e\000r\000a\000l\000i\000z\000a\000t\000i\000o\000n}{section.3.5}% 38
\BOOKMARK [2][-]{subsection.3.5.2}{\376\377\000B\000o\000r\000r\000o\000w\000i\000n\000g\000\040\000C\000a\000p\000a\000c\000i\000t\000y\000\040\000a\000n\000d\000\040\000L\000o\000a\000n\000-\000T\000o\000-\000V\000a\000l\000u\000e\000\040\000\050\000L\000T\000V\000\051\000\040\000F\000o\000r\000m\000u\000l\000a\000t\000i\000o\000n}{section.3.5}% 39
\BOOKMARK [2][-]{subsection.3.5.3}{\376\377\000T\000h\000e\000\040\000H\000e\000a\000l\000t\000h\000\040\000F\000a\000c\000t\000o\000r\000\040\000F\000u\000n\000c\000t\000i\000o\000n}{section.3.5}% 40
\BOOKMARK [1][-]{section.3.6}{\376\377\000O\000f\000f\000-\000c\000h\000a\000i\000n\000\040\000I\000n\000f\000r\000a\000s\000t\000r\000u\000c\000t\000u\000r\000e}{chapter.3}% 41
\BOOKMARK [1][-]{section.3.7}{\376\377\000O\000f\000f\000-\000c\000h\000a\000i\000n\000\040\000I\000n\000f\000r\000a\000s\000t\000r\000u\000c\000t\000u\000r\000e\000\040\000a\000n\000d\000\040\000G\000u\000a\000r\000d\000i\000a\000n\000\040\000N\000e\000t\000w\000o\000r\000k}{chapter.3}% 42
\BOOKMARK [2][-]{subsection.3.7.1}{\376\377\000A\000r\000c\000h\000i\000t\000e\000c\000t\000u\000r\000a\000l\000\040\000O\000v\000e\000r\000v\000i\000e\000w}{section.3.7}% 43
\BOOKMARK [2][-]{subsection.3.7.2}{\376\377\000U\000n\000i\000v\000e\000r\000s\000a\000l\000\040\000W\000a\000l\000l\000e\000t\000\040\000I\000n\000i\000t\000i\000a\000l\000i\000z\000a\000t\000i\000o\000n\000\040\000v\000i\000a\000\040\000S\000i\000g\000n\000a\000t\000u\000r\000e\000\040\000V\000e\000r\000i\000f\000i\000c\000a\000t\000i\000o\000n}{section.3.7}% 44
\BOOKMARK [1][-]{section.3.8}{\376\377\000C\000o\000n\000c\000l\000u\000s\000i\000o\000n}{chapter.3}% 45
\BOOKMARK [0][-]{chapter.4}{\376\377\000D\000E\000S\000I\000G\000N\000,\000\040\000I\000M\000P\000L\000E\000M\000E\000N\000T\000A\000T\000I\000O\000N\000,\000\040\000A\000N\000D\000\040\000E\000V\000A\000L\000U\000A\000T\000I\000O\000N}{}% 46
\BOOKMARK [1][-]{section.4.1}{\376\377\000A\000r\000c\000h\000i\000t\000e\000c\000t\000u\000r\000e\000\040\000D\000e\000s\000i\000g\000n}{chapter.4}% 47
\BOOKMARK [2][-]{subsection.4.1.1}{\376\377\000O\000v\000e\000r\000a\000l\000l\000\040\000d\000e\000s\000i\000g\000n}{section.4.1}% 48
\BOOKMARK [2][-]{subsection.4.1.2}{\376\377\000D\000e\000t\000a\000i\000l\000e\000d\000\040\000P\000a\000c\000k\000a\000g\000e\000\040\000D\000e\000s\000i\000g\000n}{section.4.1}% 49
\BOOKMARK [1][-]{section.4.2}{\376\377\000D\000e\000t\000a\000i\000l\000e\000d\000\040\000D\000e\000s\000i\000g\000n}{chapter.4}% 50
\BOOKMARK [2][-]{subsection.4.2.1}{\376\377\000S\000m\000a\000r\000t\000\040\000C\000o\000n\000t\000r\000a\000c\000t\000\040\000D\000e\000s\000i\000g\000n}{section.4.2}% 51
\BOOKMARK [2][-]{subsection.4.2.2}{\376\377\000S\000e\000r\000v\000e\000r\000\040\000A\000p\000p\000l\000i\000c\000a\000t\000i\000o\000n\000\040\000D\000e\000s\000i\000g\000n}{section.4.2}% 52
\BOOKMARK [2][-]{subsection.4.2.3}{\376\377\000D\000a\000t\000a\000b\000a\000s\000e\000\040\000D\000e\000s\000i\000g\000n}{section.4.2}% 53
\BOOKMARK [1][-]{section.4.3}{\376\377\000A\000p\000p\000l\000i\000c\000a\000t\000i\000o\000n\000\040\000C\000l\000i\000e\000n\000t\000\040\000a\000n\000d\000\040\000I\000l\000l\000u\000s\000t\000r\000a\000t\000i\000o\000n\000\040\000o\000f\000\040\000m\000a\000i\000n\000\040\000f\000u\000n\000c\000t\000i\000o\000n\000s}{chapter.4}% 54
\BOOKMARK [2][-]{subsection.4.3.1}{\376\377\000U\000s\000e\000r\000\040\000I\000n\000t\000e\000r\000f\000a\000c\000e\000\040\000f\000o\000r\000\040\000U\000n\000i\000v\000e\000r\000s\000a\000l\000\040\000W\000a\000l\000l\000e\000t}{section.4.3}% 55
\BOOKMARK [2][-]{subsection.4.3.2}{\376\377\000U\000s\000e\000r\000\040\000I\000n\000t\000e\000r\000f\000a\000c\000e\000\040\000f\000o\000r\000\040\000C\000r\000o\000s\000s\000-\000c\000h\000a\000i\000n\000\040\000B\000o\000r\000r\000o\000w}{section.4.3}% 56
\BOOKMARK [2][-]{subsection.4.3.3}{\376\377\000U\000s\000e\000r\000\040\000I\000n\000t\000e\000r\000f\000a\000c\000e\000\040\000f\000o\000r\000\040\000P\000o\000r\000t\000f\000o\000l\000i\000o}{section.4.3}% 57
\BOOKMARK [1][-]{section.4.4}{\376\377\000A\000p\000p\000l\000i\000c\000a\000t\000i\000o\000n\000\040\000B\000u\000i\000l\000d\000i\000n\000g}{chapter.4}% 58
\BOOKMARK [2][-]{subsection.4.4.1}{\376\377\000L\000i\000b\000r\000a\000r\000i\000e\000s\000\040\000a\000n\000d\000\040\000T\000o\000o\000l\000s}{section.4.4}% 59
\BOOKMARK [2][-]{subsection.4.4.2}{\376\377\000A\000c\000h\000i\000e\000v\000e\000m\000e\000n\000t}{section.4.4}% 60
\BOOKMARK [1][-]{section.4.5}{\376\377\000T\000e\000s\000t\000i\000n\000g}{chapter.4}% 61
\BOOKMARK [2][-]{subsection.4.5.1}{\376\377\000T\000e\000s\000t\000i\000n\000g\000\040\000M\000e\000t\000h\000o\000d\000o\000l\000o\000g\000y}{section.4.5}% 62
\BOOKMARK [2][-]{subsection.4.5.2}{\376\377\000T\000e\000s\000t\000\040\000C\000a\000s\000e\000s\000\040\000f\000o\000r\000\040\000C\000r\000i\000t\000i\000c\000a\000l\000\040\000F\000u\000n\000c\000t\000i\000o\000n\000s}{section.4.5}% 63
\BOOKMARK [2][-]{subsection.4.5.3}{\376\377\000E\000v\000a\000l\000u\000a\000t\000i\000o\000n\000\040\000a\000n\000d\000\040\000R\000e\000s\000u\000l\000t\000s}{section.4.5}% 64
\BOOKMARK [1][-]{section.4.6}{\376\377\000D\000e\000p\000l\000o\000y\000m\000e\000n\000t}{chapter.4}% 65
\BOOKMARK [0][-]{chapter.5}{\376\377\000S\000O\000L\000U\000T\000I\000O\000N\000\040\000A\000N\000D\000\040\000C\000O\000N\000T\000R\000I\000B\000U\000T\000I\000O\000N}{}% 66
\BOOKMARK [0][-]{chapter.6}{\376\377\000C\000O\000N\000C\000L\000U\000S\000I\000O\000N\000\040\000A\000N\000D\000\040\000F\000U\000T\000U\000R\000E\000\040\000W\000O\000R\000K}{}% 67
\BOOKMARK [1][-]{section.6.1}{\376\377\000C\000o\000n\000c\000l\000u\000s\000i\000o\000n}{chapter.6}% 68
\BOOKMARK [1][-]{section.6.2}{\376\377\000F\000u\000t\000u\000r\000e\000\040\000w\000o\000r\000k}{chapter.6}% 69
\BOOKMARK [0][-]{section*.42}{\376\377\000R\000E\000F\000E\000R\000E\000N\000C\000E}{}% 70
\BOOKMARK [0][-]{section*.43}{\376\377\000A\000P\000P\000E\000N\000D\000I\000X}{}% 71
\BOOKMARK [0][-]{appendix.1.A}{\376\377\000T\000H\000E\000S\000I\000S\000\040\000W\000R\000I\000T\000I\000N\000G\000\040\000G\000U\000I\000D\000E\000L\000I\000N\000E}{}% 72
\BOOKMARK [1][-]{section.1.A.1}{\376\377\000G\000e\000n\000e\000r\000a\000l\000\040\000R\000e\000g\000u\000l\000a\000t\000i\000o\000n\000s}{appendix.1.A}% 73
\BOOKMARK [1][-]{section.1.A.2}{\376\377\000M\000a\000j\000o\000r\000i\000n\000g}{appendix.1.A}% 74
\BOOKMARK [1][-]{section.1.A.3}{\376\377\000B\000u\000l\000l\000e\000t\000i\000n\000g\000\040\000a\000n\000d\000\040\000N\000u\000m\000b\000e\000r\000i\000n\000g}{appendix.1.A}% 75
\BOOKMARK [1][-]{section.1.A.4}{\376\377\000T\000a\000b\000l\000e\000\040\000i\000n\000s\000e\000r\000t\000i\000o\000n}{appendix.1.A}% 76
\BOOKMARK [1][-]{section.1.A.5}{\376\377\000F\000i\000g\000u\000r\000e\000\040\000I\000n\000s\000e\000r\000t\000i\000o\000n}{appendix.1.A}% 77
\BOOKMARK [1][-]{section.1.A.6}{\376\377\000R\000e\000f\000e\000r\000e\000n\000c\000e}{appendix.1.A}% 78
\BOOKMARK [1][-]{section.1.A.7}{\376\377\000E\000q\000u\000a\000t\000i\000o\000n\000s}{appendix.1.A}% 79
\BOOKMARK [1][-]{section.1.A.8}{\376\377\000Q\000u\000i\000\040\000c\000\341\000c\000h\000\040\001\021\000\363\000n\000g\000\040\000q\000u\000y\036\303\000n}{appendix.1.A}% 80
\BOOKMARK [0][-]{appendix.1.B}{\376\377\000U\000S\000E\000\040\000C\000A\000S\000E\000\040\000D\000E\000S\000C\000R\000I\000P\000T\000I\000O\000N\000S}{}% 81
\BOOKMARK [1][-]{section.1.B.1}{\376\377\001\020\036\267\000c\000\040\000t\036\243\000\040\000u\000s\000e\000\040\000c\000a\000s\000e\000\040\000`\000`\000T\000h\036\321\000n\000g\000\040\000k\000\352\000\040\000t\000\354\000n\000h\000\040\000h\000\354\000n\000h\000\040\000m\001\260\036\343\000n\000\040\000s\000\341\000c\000h\000'\000'}{appendix.1.B}% 82
\BOOKMARK [1][-]{section.1.B.2}{\376\377\001\020\036\267\000c\000\040\000t\036\243\000\040\000u\000s\000e\000\040\000c\000a\000s\000e\000\040\000`\000`\001\020\001\003\000n\000g\000\040\000k\000\375\000\040\000l\000\340\000m\000\040\000t\000h\036\273\000\040\000m\001\260\036\343\000n\000'\000'}{appendix.1.B}% 83
